This is pdfTeX, Version 3.14159265-2.6-1.40.21 (TeX Live 2020/W32TeX) (preloaded format=pdflatex 2020.9.11)  11 SEP 2020 15:33
entering extended mode
 restricted \write18 enabled.
 %&-line parsing enabled.
**Pagina_Iniziale.tex
(./Pagina_Iniziale.tex
LaTeX2e <2020-02-02> patch level 5
L3 programming layer <2020-09-06>

! LaTeX Error: Environment titlepage undefined.

See the LaTeX manual or LaTeX Companion for explanation.
Type  H <return>  for immediate help.
 ...                                              
                                                  
l.1 \begin{titlepage}
                     
Your command was ignored.
Type  I <command> <return>  to replace it with another command,
or  <return>  to continue without it.


! LaTeX Error: Missing \begin{document}.

See the LaTeX manual or LaTeX Companion for explanation.
Type  H <return>  for immediate help.
 ...                                              
                                                  
l.2 $
     \;$
You're in trouble here.  Try typing  <return>  to proceed.
If that doesn't work, type  X <return>  to quit.

LaTeX Font Info:    External font `cmex10' loaded for size
(Font)              <7> on input line 2.
LaTeX Font Info:    External font `cmex10' loaded for size
(Font)              <5> on input line 2.

Overfull \hbox (22.77771pt too wide) in paragraph at lines 2--4
[]$ $
 []

! Undefined control sequence.
l.5     {\Large
                 \textsc{Alma Mater Studiorum - Universit\`{a} di Bologna}} \\
The control sequence at the end of the top line
of your error message was never \def'ed. If you have
misspelled it (e.g., `\hobx'), type `I' and the correct
spelling (e.g., `I\hbox'). Otherwise just continue,
and I'll forget about whatever was undefined.


Overfull \hbox (26.87206pt too wide) in paragraph at lines 5--5
 \OT1/cmr/m/sc/10 Alma 
 []


Overfull \hbox (32.86642pt too wide) in paragraph at lines 5--5
 \OT1/cmr/m/sc/10 Mater 
 []


Overfull \hbox (21.93317pt too wide) in paragraph at lines 5--5
 \OT1/cmr/m/sc/10 Stu- 
 []


Overfull \hbox (19.3999pt too wide) in paragraph at lines 5--5
 \OT1/cmr/m/sc/10 dio- 
 []


Overfull \hbox (19.39992pt too wide) in paragraph at lines 5--5
 \OT1/cmr/m/sc/10 rum 
 []


Overfull \hbox (3.77774pt too wide) in paragraph at lines 5--5
 \OT1/cmr/m/sc/10 - 
 []


Overfull \hbox (21.07207pt too wide) in paragraph at lines 5--5
 \OT1/cmr/m/sc/10 Uni- 
 []


Overfull \hbox (21.511pt too wide) in paragraph at lines 5--5
 \OT1/cmr/m/sc/10 ver- 
 []


Overfull \hbox (19.64435pt too wide) in paragraph at lines 5--5
 \OT1/cmr/m/sc/10 sit[]a 
 []


Overfull \hbox (9.26663pt too wide) in paragraph at lines 5--5
 \OT1/cmr/m/sc/10 di 
 []


Overfull \hbox (44.23032pt too wide) in paragraph at lines 5--5
 \OT1/cmr/m/sc/10 Bologna 
 []


Overfull \hbox (375.57628pt too wide) in paragraph at lines 6--6
 [][] 
 []

! Undefined control sequence.
l.8   {\large
              \textsc {Scuola di Ingegneria \\
The control sequence at the end of the top line
of your error message was never \def'ed. If you have
misspelled it (e.g., `\hobx'), type `I' and the correct
spelling (e.g., `I\hbox'). Otherwise just continue,
and I'll forget about whatever was undefined.


Overfull \hbox (35.77757pt too wide) in paragraph at lines 10--10
 []\OT1/cmr/m/sc/10 Scuola 
 []


Overfull \hbox (9.26663pt too wide) in paragraph at lines 10--10
 \OT1/cmr/m/sc/10 di 
 []


Overfull \hbox (13.96655pt too wide) in paragraph at lines 10--10
 \OT1/cmr/m/sc/10 In- 
 []


Overfull \hbox (22.17763pt too wide) in paragraph at lines 10--10
 \OT1/cmr/m/sc/10 geg- 
 []


Overfull \hbox (15.4888pt too wide) in paragraph at lines 10--10
 \OT1/cmr/m/sc/10 ne- 
 []


Overfull \hbox (15.17772pt too wide) in paragraph at lines 10--10
 \OT1/cmr/m/sc/10 ria 
 []


Overfull \hbox (68.09125pt too wide) in paragraph at lines 10--10
 []\OT1/cmr/m/sc/10 Dipartimento 
 []


Overfull \hbox (65.11069pt too wide) in paragraph at lines 10--10
 \OT1/cmr/m/sc/10 dell'Energia 
 []


Overfull \hbox (25.9776pt too wide) in paragraph at lines 10--10
 \OT1/cmr/m/sc/10 elet- 
 []


Overfull \hbox (26.99986pt too wide) in paragraph at lines 10--10
 \OT1/cmr/m/sc/10 trica 
 []


Overfull \hbox (5.57774pt too wide) in paragraph at lines 10--10
 \OT1/cmr/m/sc/10 e 
 []


Overfull \hbox (92.02728pt too wide) in paragraph at lines 10--10
 \OT1/cmr/m/sc/10 dell'Informazione 
 []


Overfull \hbox (59.27463pt too wide) in paragraph at lines 10--10
 []\OT1/cmr/m/sc/10 "Guglielmo 
 []


Overfull \hbox (25.82204pt too wide) in paragraph at lines 10--10
 \OT1/cmr/m/sc/10 Mar- 
 []


Overfull \hbox (26.94984pt too wide) in paragraph at lines 10--10
 \OT1/cmr/m/sc/10 coni" 
 []


Overfull \hbox (19.76367pt too wide) in paragraph at lines 10--10
 \OT1/cmr/m/sc/10 DEI 
 []

Missing character: There is no C in font nullfont!
Missing character: There is no o in font nullfont!
Missing character: There is no r in font nullfont!
Missing character: There is no s in font nullfont!
Missing character: There is no o in font nullfont!
Missing character: There is no d in font nullfont!
Missing character: There is no i in font nullfont!
Missing character: There is no L in font nullfont!
Missing character: There is no a in font nullfont!
Missing character: There is no u in font nullfont!
Missing character: There is no r in font nullfont!
Missing character: There is no e in font nullfont!
Missing character: There is no a in font nullfont!
Missing character: There is no i in font nullfont!
Missing character: There is no n in font nullfont!
Missing character: There is no I in font nullfont!
Missing character: There is no n in font nullfont!
Missing character: There is no g in font nullfont!
Missing character: There is no e in font nullfont!
Missing character: There is no g in font nullfont!
Missing character: There is no n in font nullfont!
Missing character: There is no e in font nullfont!
Missing character: There is no r in font nullfont!
Missing character: There is no i in font nullfont!
Missing character: There is no a in font nullfont!
Missing character: There is no E in font nullfont!
Missing character: There is no l in font nullfont!
Missing character: There is no e in font nullfont!
Missing character: There is no t in font nullfont!
Missing character: There is no t in font nullfont!
Missing character: There is no r in font nullfont!
Missing character: There is no o in font nullfont!
Missing character: There is no n in font nullfont!
Missing character: There is no i in font nullfont!
Missing character: There is no c in font nullfont!
Missing character: There is no a in font nullfont!
Missing character: There is no e in font nullfont!
Missing character: There is no T in font nullfont!
Missing character: There is no e in font nullfont!
Missing character: There is no l in font nullfont!
Missing character: There is no e in font nullfont!
Missing character: There is no c in font nullfont!
Missing character: There is no o in font nullfont!
Missing character: There is no m in font nullfont!
Missing character: There is no u in font nullfont!
Missing character: There is no n in font nullfont!
Missing character: There is no i in font nullfont!
Missing character: There is no c in font nullfont!
Missing character: There is no a in font nullfont!
Missing character: There is no z in font nullfont!
Missing character: There is no i in font nullfont!
Missing character: There is no o in font nullfont!
Missing character: There is no n in font nullfont!
Missing character: There is no i in font nullfont!
Missing character: There is no T in font nullfont!
Missing character: There is no e in font nullfont!
Missing character: There is no s in font nullfont!
Missing character: There is no i in font nullfont!
Missing character: There is no d in font nullfont!
Missing character: There is no i in font nullfont!
Missing character: There is no L in font nullfont!
Missing character: There is no a in font nullfont!
Missing character: There is no u in font nullfont!
Missing character: There is no r in font nullfont!
Missing character: There is no e in font nullfont!
Missing character: There is no a in font nullfont!
Missing character: There is no i in font nullfont!
Missing character: There is no n in font nullfont!
Missing character: There is no R in font nullfont!
Missing character: There is no e in font nullfont!
Missing character: There is no t in font nullfont!
Missing character: There is no i in font nullfont!
Missing character: There is no d in font nullfont!
Missing character: There is no i in font nullfont!
Missing character: There is no T in font nullfont!
Missing character: There is no e in font nullfont!
Missing character: There is no l in font nullfont!
Missing character: There is no e in font nullfont!
Missing character: There is no c in font nullfont!
Missing character: There is no o in font nullfont!
Missing character: There is no m in font nullfont!
Missing character: There is no u in font nullfont!
Missing character: There is no n in font nullfont!
Missing character: There is no i in font nullfont!
Missing character: There is no c in font nullfont!
Missing character: There is no a in font nullfont!
Missing character: There is no z in font nullfont!
Missing character: There is no i in font nullfont!
Missing character: There is no o in font nullfont!
Missing character: There is no n in font nullfont!
Missing character: There is no i in font nullfont!

Overfull \hbox (20.0pt too wide) in paragraph at lines 21--21
[] 
 []

! Undefined control sequence.
l.22     {\LARGE
                 \textbf{Studio di Mininet e del suo utilizzo
The control sequence at the end of the top line
of your error message was never \def'ed. If you have
misspelled it (e.g., `\hobx'), type `I' and the correct
spelling (e.g., `I\hbox'). Otherwise just continue,
and I'll forget about whatever was undefined.


Overfull \hbox (32.58316pt too wide) in paragraph at lines 23--23
 \OT1/cmr/bx/n/10 Studio 
 []


Overfull \hbox (9.58328pt too wide) in paragraph at lines 23--23
 \OT1/cmr/bx/n/10 di 
 []


Overfull \hbox (39.82619pt too wide) in paragraph at lines 23--23
 \OT1/cmr/bx/n/10 Mininet 
 []


Overfull \hbox (5.27081pt too wide) in paragraph at lines 23--23
 \OT1/cmr/bx/n/10 e 
 []


Overfull \hbox (14.8541pt too wide) in paragraph at lines 23--23
 \OT1/cmr/bx/n/10 del 
 []


Overfull \hbox (16.6749pt too wide) in paragraph at lines 23--23
 \OT1/cmr/bx/n/10 suo 
 []


Overfull \hbox (17.8888pt too wide) in paragraph at lines 23--23
 \OT1/cmr/bx/n/10 uti- 
 []


Overfull \hbox (22.361pt too wide) in paragraph at lines 23--23
 \OT1/cmr/bx/n/10 lizzo 
 []


Overfull \hbox (16.71521pt too wide) in paragraph at lines 23--24
 []\OT1/cmr/bx/n/10 per 
 []


Overfull \hbox (8.78465pt too wide) in paragraph at lines 23--24
 \OT1/cmr/bx/n/10 la 
 []


Overfull \hbox (21.1471pt too wide) in paragraph at lines 23--24
 \OT1/cmr/bx/n/10 sim- 
 []


Overfull \hbox (10.22217pt too wide) in paragraph at lines 23--24
 \OT1/cmr/bx/n/10 u- 
 []


Overfull \hbox (34.4998pt too wide) in paragraph at lines 23--24
 \OT1/cmr/bx/n/10 lazione 
 []


Overfull \hbox (9.58328pt too wide) in paragraph at lines 23--24
 \OT1/cmr/bx/n/10 di 
 []


Overfull \hbox (13.4166pt too wide) in paragraph at lines 23--24
 \OT1/cmr/bx/n/10 in- 
 []


Overfull \hbox (22.20958pt too wide) in paragraph at lines 23--24
 \OT1/cmr/bx/n/10 fras- 
 []


Overfull \hbox (23.90266pt too wide) in paragraph at lines 23--24
 \OT1/cmr/bx/n/10 trut- 
 []


Overfull \hbox (20.86797pt too wide) in paragraph at lines 23--24
 \OT1/cmr/bx/n/10 ture 
 []


Overfull \hbox (17.83325pt too wide) in paragraph at lines 23--24
 \OT1/cmr/bx/n/10 vir- 
 []


Overfull \hbox (14.69437pt too wide) in paragraph at lines 23--24
 \OT1/cmr/bx/n/10 tu- 
 []


Overfull \hbox (11.97908pt too wide) in paragraph at lines 23--24
 \OT1/cmr/bx/n/10 ali 
 []

! Undefined control sequence.
l.29 \vfill \large
                   {
The control sequence at the end of the top line
of your error message was never \def'ed. If you have
misspelled it (e.g., `\hobx'), type `I' and the correct
spelling (e.g., `I\hbox'). Otherwise just continue,
and I'll forget about whatever was undefined.

Missing character: There is no C in font nullfont!
Missing character: There is no a in font nullfont!
Missing character: There is no n in font nullfont!
Missing character: There is no d in font nullfont!
Missing character: There is no i in font nullfont!
Missing character: There is no d in font nullfont!
Missing character: There is no a in font nullfont!
Missing character: There is no t in font nullfont!
Missing character: There is no o in font nullfont!
Missing character: There is no : in font nullfont!
Missing character: There is no R in font nullfont!
Missing character: There is no e in font nullfont!
Missing character: There is no l in font nullfont!
Missing character: There is no a in font nullfont!
Missing character: There is no t in font nullfont!
Missing character: There is no o in font nullfont!
Missing character: There is no r in font nullfont!
Missing character: There is no e in font nullfont!
Missing character: There is no : in font nullfont!
Missing character: There is no P in font nullfont!
Missing character: There is no r in font nullfont!
Missing character: There is no o in font nullfont!
Missing character: There is no f in font nullfont!
Missing character: There is no . in font nullfont!
Missing character: There is no I in font nullfont!
Missing character: There is no n in font nullfont!
Missing character: There is no g in font nullfont!
Missing character: There is no . in font nullfont!

Overfull \hbox (324.7119pt too wide) in paragraph at lines 30--36
[][]
 []


! LaTeX Error: The font size command \normalsize is not defined:
               there is probably something wrong with the class file.

See the LaTeX manual or LaTeX Companion for explanation.
Type  H <return>  for immediate help.
 ...                                              
                                                  
l.40  \normalsize
                 
Your command was ignored.
Type  I <command> <return>  to replace it with another command,
or  <return>  to continue without it.


Overfull \hbox (395.57628pt too wide) in paragraph at lines 39--41
[][] 
 []

! Undefined control sequence.
l.42  \large
             Anno Accademico 2019/2020 \\
The control sequence at the end of the top line
of your error message was never \def'ed. If you have
misspelled it (e.g., `\hobx'), type `I' and the correct
spelling (e.g., `I\hbox'). Otherwise just continue,
and I'll forget about whatever was undefined.

Missing character: There is no A in font nullfont!
Missing character: There is no n in font nullfont!
Missing character: There is no n in font nullfont!
Missing character: There is no o in font nullfont!
Missing character: There is no A in font nullfont!
Missing character: There is no c in font nullfont!
Missing character: There is no c in font nullfont!
Missing character: There is no a in font nullfont!
Missing character: There is no d in font nullfont!
Missing character: There is no e in font nullfont!
Missing character: There is no m in font nullfont!
Missing character: There is no i in font nullfont!
Missing character: There is no c in font nullfont!
Missing character: There is no o in font nullfont!
Missing character: There is no 2 in font nullfont!
Missing character: There is no 0 in font nullfont!
Missing character: There is no 1 in font nullfont!
Missing character: There is no 9 in font nullfont!
Missing character: There is no / in font nullfont!
Missing character: There is no 2 in font nullfont!
Missing character: There is no 0 in font nullfont!
Missing character: There is no 2 in font nullfont!
Missing character: There is no 0 in font nullfont!

! LaTeX Error: \begin{document} ended by \end{titlepage}.

See the LaTeX manual or LaTeX Companion for explanation.
Type  H <return>  for immediate help.
 ...                                              
                                                  
l.46 \end{titlepage}
                    
Your command was ignored.
Type  I <command> <return>  to replace it with another command,
or  <return>  to continue without it.

)
! Emergency stop.
<*> Pagina_Iniziale.tex
                       
*** (job aborted, no legal \end found)

 
Here is how much of TeX's memory you used:
 26 strings out of 480876
 526 string characters out of 5906597
 246531 words of memory out of 5000000
 15752 multiletter control sequences out of 15000+600000
 535697 words of font info for 31 fonts, out of 8000000 for 9000
 1141 hyphenation exceptions out of 8191
 18i,7n,15p,115b,154s stack positions out of 5000i,500n,10000p,200000b,80000s
!  ==> Fatal error occurred, no output PDF file produced!
