\BOOKMARK [0][-]{chapter*.3}{Introduzione}{}% 1
\BOOKMARK [0][-]{chapter.1}{Il Network Slicing}{}% 2
\BOOKMARK [1][-]{section.1.1}{Concetti principali}{chapter.1}% 3
\BOOKMARK [2][-]{subsection.1.1.1}{Software Defined Networking}{section.1.1}% 4
\BOOKMARK [2][-]{subsection.1.1.2}{Virtualized Network Functions}{section.1.1}% 5
\BOOKMARK [1][-]{section.1.2}{Architetture}{chapter.1}% 6
\BOOKMARK [1][-]{section.1.3}{Utilizzi e vantaggi}{chapter.1}% 7
\BOOKMARK [0][-]{chapter.2}{Introduzione al lavoro}{}% 8
\BOOKMARK [1][-]{section.2.1}{Blender}{chapter.2}% 9
\BOOKMARK [2][-]{subsection.2.1.1}{Installazione}{section.2.1}% 10
\BOOKMARK [2][-]{subsection.2.1.2}{Avvio di Mininet}{section.2.1}% 11
\BOOKMARK [2][-]{subsection.2.1.3}{Gestione della rete}{section.2.1}% 12
\BOOKMARK [2][-]{subsection.2.1.4}{Topologie complesse}{section.2.1}% 13
\BOOKMARK [1][-]{section.2.2}{OpenFlow}{chapter.2}% 14
\BOOKMARK [1][-]{section.2.3}{Strumenti di analisi prestazionale}{chapter.2}% 15
\BOOKMARK [0][-]{chapter.3}{Esempio pratico}{}% 16
\BOOKMARK [1][-]{section.3.1}{Idea di base}{chapter.3}% 17
\BOOKMARK [1][-]{section.3.2}{Realizzazione}{chapter.3}% 18
\BOOKMARK [2][-]{subsection.3.2.1}{Topologia}{section.3.2}% 19
\BOOKMARK [2][-]{subsection.3.2.2}{Forwarding}{section.3.2}% 20
\BOOKMARK [1][-]{section.3.3}{Prestazioni}{chapter.3}% 21
\BOOKMARK [2][-]{subsection.3.3.1}{Latenza}{section.3.3}% 22
\BOOKMARK [2][-]{subsection.3.3.2}{Banda}{section.3.3}% 23
\BOOKMARK [0][-]{chapter*.32}{Conclusione}{}% 24
\BOOKMARK [0][-]{section*.35}{Bibliografia}{}% 25
