This is pdfTeX, Version 3.14159265-2.6-1.40.21 (TeX Live 2020/W32TeX) (preloaded format=pdflatex 2020.12.15)  20 DEC 2020 17:54
entering extended mode
 restricted \write18 enabled.
 %&-line parsing enabled.
**tesi.tex
(./tesi.tex
LaTeX2e <2020-10-01> patch level 2
L3 programming layer <2020-12-07> xparse <2020-03-03>
(c:/texlive/2020/texmf-dist/tex/latex/base/book.cls
Document Class: book 2020/04/10 v1.4m Standard LaTeX document class
(c:/texlive/2020/texmf-dist/tex/latex/base/bk12.clo
File: bk12.clo 2020/04/10 v1.4m Standard LaTeX file (size option)
)
\c@part=\count177
\c@chapter=\count178
\c@section=\count179
\c@subsection=\count180
\c@subsubsection=\count181
\c@paragraph=\count182
\c@subparagraph=\count183
\c@figure=\count184
\c@table=\count185
\abovecaptionskip=\skip47
\belowcaptionskip=\skip48
\bibindent=\dimen138
)
(c:/texlive/2020/texmf-dist/tex/generic/babel/babel.sty
Package: babel 2020/10/27 3.51 The Babel package

(c:/texlive/2020/texmf-dist/tex/generic/babel/babel.def
File: babel.def 2020/10/27 3.51 Babel common definitions
\babel@savecnt=\count186
\U@D=\dimen139
\l@babelnohyphens=\language86

(c:/texlive/2020/texmf-dist/tex/generic/babel/txtbabel.def)
\bbl@readstream=\read2
)
\bbl@dirlevel=\count187

(c:/texlive/2020/texmf-dist/tex/generic/babel-english/english.ldf
Language: english 2017/06/06 v3.3r English support from the babel system
Package babel Info: \l@canadian = using hyphenrules for english
(babel)             (\language0) on input line 102.
Package babel Info: \l@australian = using hyphenrules for ukenglish
(babel)             (\language21) on input line 105.
Package babel Info: \l@newzealand = using hyphenrules for ukenglish
(babel)             (\language21) on input line 108.
)
(c:/texlive/2020/texmf-dist/tex/generic/babel-italian/italian.ldf
Language: italian 2020/05/21 v.1.4.04 Italian support for the babel system
\it@lettering=\count188
\it@doublequoteactive=\count189
\it@ISOcompliance=\count190
))
(c:/texlive/2020/texmf-dist/tex/latex/etoolbox/etoolbox.sty
Package: etoolbox 2020/10/05 v2.5k e-TeX tools for LaTeX (JAW)
\etb@tempcnta=\count191
)
(c:/texlive/2020/texmf-dist/tex/latex/base/inputenc.sty
Package: inputenc 2020/08/01 v1.3d Input encoding file
\inpenc@prehook=\toks15
\inpenc@posthook=\toks16
)
(c:/texlive/2020/texmf-dist/tex/latex/base/fontenc.sty
Package: fontenc 2020/08/10 v2.0s Standard LaTeX package
)
(c:/texlive/2020/texmf-dist/tex/latex/graphics/graphicx.sty
Package: graphicx 2020/09/09 v1.2b Enhanced LaTeX Graphics (DPC,SPQR)

(c:/texlive/2020/texmf-dist/tex/latex/graphics/keyval.sty
Package: keyval 2014/10/28 v1.15 key=value parser (DPC)
\KV@toks@=\toks17
)
(c:/texlive/2020/texmf-dist/tex/latex/graphics/graphics.sty
Package: graphics 2020/08/30 v1.4c Standard LaTeX Graphics (DPC,SPQR)

(c:/texlive/2020/texmf-dist/tex/latex/graphics/trig.sty
Package: trig 2016/01/03 v1.10 sin cos tan (DPC)
)
(c:/texlive/2020/texmf-dist/tex/latex/graphics-cfg/graphics.cfg
File: graphics.cfg 2016/06/04 v1.11 sample graphics configuration
)
Package graphics Info: Driver file: pdftex.def on input line 105.

(c:/texlive/2020/texmf-dist/tex/latex/graphics-def/pdftex.def
File: pdftex.def 2020/10/05 v1.2a Graphics/color driver for pdftex
))
\Gin@req@height=\dimen140
\Gin@req@width=\dimen141
)
(c:/texlive/2020/texmf-dist/tex/latex/tools/verbatim.sty
Package: verbatim 2020-07-07 v1.5u LaTeX2e package for verbatim enhancements
\every@verbatim=\toks18
\verbatim@line=\toks19
\verbatim@in@stream=\read3
)
(c:/texlive/2020/texmf-dist/tex/latex/hyperref/hyperref.sty
Package: hyperref 2020-05-15 v7.00e Hypertext links for LaTeX

(c:/texlive/2020/texmf-dist/tex/generic/ltxcmds/ltxcmds.sty
Package: ltxcmds 2020-05-10 v1.25 LaTeX kernel commands for general use (HO)
)
(c:/texlive/2020/texmf-dist/tex/generic/iftex/iftex.sty
Package: iftex 2020/03/06 v1.0d TeX engine tests
)
(c:/texlive/2020/texmf-dist/tex/generic/pdftexcmds/pdftexcmds.sty
Package: pdftexcmds 2020-06-27 v0.33 Utility functions of pdfTeX for LuaTeX (HO
)

(c:/texlive/2020/texmf-dist/tex/generic/infwarerr/infwarerr.sty
Package: infwarerr 2019/12/03 v1.5 Providing info/warning/error messages (HO)
)
Package pdftexcmds Info: \pdf@primitive is available.
Package pdftexcmds Info: \pdf@ifprimitive is available.
Package pdftexcmds Info: \pdfdraftmode found.
)
(c:/texlive/2020/texmf-dist/tex/generic/kvsetkeys/kvsetkeys.sty
Package: kvsetkeys 2019/12/15 v1.18 Key value parser (HO)
)
(c:/texlive/2020/texmf-dist/tex/generic/kvdefinekeys/kvdefinekeys.sty
Package: kvdefinekeys 2019-12-19 v1.6 Define keys (HO)
)
(c:/texlive/2020/texmf-dist/tex/generic/pdfescape/pdfescape.sty
Package: pdfescape 2019/12/09 v1.15 Implements pdfTeX's escape features (HO)
)
(c:/texlive/2020/texmf-dist/tex/latex/hycolor/hycolor.sty
Package: hycolor 2020-01-27 v1.10 Color options for hyperref/bookmark (HO)
)
(c:/texlive/2020/texmf-dist/tex/latex/letltxmacro/letltxmacro.sty
Package: letltxmacro 2019/12/03 v1.6 Let assignment for LaTeX macros (HO)
)
(c:/texlive/2020/texmf-dist/tex/latex/auxhook/auxhook.sty
Package: auxhook 2019-12-17 v1.6 Hooks for auxiliary files (HO)
)
(c:/texlive/2020/texmf-dist/tex/latex/kvoptions/kvoptions.sty
Package: kvoptions 2020-10-07 v3.14 Key value format for package options (HO)
)
\@linkdim=\dimen142
\Hy@linkcounter=\count192
\Hy@pagecounter=\count193

(c:/texlive/2020/texmf-dist/tex/latex/hyperref/pd1enc.def
File: pd1enc.def 2020-05-15 v7.00e Hyperref: PDFDocEncoding definition (HO)
Now handling font encoding PD1 ...
... no UTF-8 mapping file for font encoding PD1
)
(c:/texlive/2020/texmf-dist/tex/generic/intcalc/intcalc.sty
Package: intcalc 2019/12/15 v1.3 Expandable calculations with integers (HO)
)
(c:/texlive/2020/texmf-dist/tex/generic/etexcmds/etexcmds.sty
Package: etexcmds 2019/12/15 v1.7 Avoid name clashes with e-TeX commands (HO)
)
\Hy@SavedSpaceFactor=\count194
Package hyperref Info: Option `bookmarks' set `true' on input line 4338.
Package hyperref Info: Hyper figures OFF on input line 4464.
Package hyperref Info: Link nesting OFF on input line 4469.
Package hyperref Info: Hyper index ON on input line 4472.
Package hyperref Info: Plain pages OFF on input line 4479.
Package hyperref Info: Backreferencing OFF on input line 4484.
Package hyperref Info: Implicit mode ON; LaTeX internals redefined.
Package hyperref Info: Bookmarks ON on input line 4717.
\c@Hy@tempcnt=\count195

(c:/texlive/2020/texmf-dist/tex/latex/url/url.sty
\Urlmuskip=\muskip16
Package: url 2013/09/16  ver 3.4  Verb mode for urls, etc.
)
LaTeX Info: Redefining \url on input line 5076.
\XeTeXLinkMargin=\dimen143

(c:/texlive/2020/texmf-dist/tex/generic/bitset/bitset.sty
Package: bitset 2019/12/09 v1.3 Handle bit-vector datatype (HO)

(c:/texlive/2020/texmf-dist/tex/generic/bigintcalc/bigintcalc.sty
Package: bigintcalc 2019/12/15 v1.5 Expandable calculations on big integers (HO
)
))
\Fld@menulength=\count196
\Field@Width=\dimen144
\Fld@charsize=\dimen145
Package hyperref Info: Hyper figures OFF on input line 6347.
Package hyperref Info: Link nesting OFF on input line 6352.
Package hyperref Info: Hyper index ON on input line 6355.
Package hyperref Info: backreferencing OFF on input line 6362.
Package hyperref Info: Link coloring OFF on input line 6367.
Package hyperref Info: Link coloring with OCG OFF on input line 6372.
Package hyperref Info: PDF/A mode OFF on input line 6377.
LaTeX Info: Redefining \ref on input line 6417.
LaTeX Info: Redefining \pageref on input line 6421.

(c:/texlive/2020/texmf-dist/tex/latex/base/atbegshi-ltx.sty
Package: atbegshi-ltx 2020/08/17 v1.0a Emulation of the original atbegshi packa
ge
with kernel methods
)
\Hy@abspage=\count197
\c@Item=\count198
\c@Hfootnote=\count199
)
Package hyperref Info: Driver (autodetected): hpdftex.

(c:/texlive/2020/texmf-dist/tex/latex/hyperref/hpdftex.def
File: hpdftex.def 2020-05-15 v7.00e Hyperref driver for pdfTeX

(c:/texlive/2020/texmf-dist/tex/latex/base/atveryend-ltx.sty
Package: atveryend-ltx 2020/08/19 v1.0a Emulation of the original atvery packag
e
with kernel methods
)
\Fld@listcount=\count266
\c@bookmark@seq@number=\count267

(c:/texlive/2020/texmf-dist/tex/latex/rerunfilecheck/rerunfilecheck.sty
Package: rerunfilecheck 2019/12/05 v1.9 Rerun checks for auxiliary files (HO)

(c:/texlive/2020/texmf-dist/tex/generic/uniquecounter/uniquecounter.sty
Package: uniquecounter 2019/12/15 v1.4 Provide unlimited unique counter (HO)
)
Package uniquecounter Info: New unique counter `rerunfilecheck' on input line 2
86.
)
\Hy@SectionHShift=\skip49
)
(c:/texlive/2020/texmf-dist/tex/latex/graphics/color.sty
Package: color 2020/02/24 v1.2b Standard LaTeX Color (DPC)

(c:/texlive/2020/texmf-dist/tex/latex/graphics-cfg/color.cfg
File: color.cfg 2016/01/02 v1.6 sample color configuration
)
Package color Info: Driver file: pdftex.def on input line 147.
)
(c:/texlive/2020/texmf-dist/tex/latex/nomencl/nomencl.sty
Package: nomencl 2020/03/01 v5.4 Nomenclature package

(c:/texlive/2020/texmf-dist/tex/latex/xkeyval/xkeyval.sty
Package: xkeyval 2020/11/20 v2.8 package option processing (HA)

(c:/texlive/2020/texmf-dist/tex/generic/xkeyval/xkeyval.tex
(c:/texlive/2020/texmf-dist/tex/generic/xkeyval/xkvutils.tex
\XKV@toks=\toks20
\XKV@tempa@toks=\toks21
)
\XKV@depth=\count268
File: xkeyval.tex 2014/12/03 v2.7a key=value parser (HA)
))
(c:/texlive/2020/texmf-dist/tex/latex/base/ifthen.sty
Package: ifthen 2014/09/29 v1.1c Standard LaTeX ifthen package (DPC)
)
(c:/texlive/2020/texmf-dist/tex/latex/koma-script/tocbasic.sty
Package: tocbasic 2020/09/21 v3.32 KOMA-Script package (handling toc-files)

(c:/texlive/2020/texmf-dist/tex/latex/koma-script/scrbase.sty
Package: scrbase 2020/09/21 v3.32 KOMA-Script package (KOMA-Script-independent 
basics and keyval usage)

(c:/texlive/2020/texmf-dist/tex/latex/koma-script/scrlfile.sty
Package: scrlfile 2020/09/21 v3.32 KOMA-Script package (file load hooks)

(c:/texlive/2020/texmf-dist/tex/latex/koma-script/scrlfile-hook.sty
Package: scrlfile-hook 2020/09/21 v3.32 KOMA-Script package (using LaTeX hooks)


LaTeX3 Info: Defining command \BeforeFile with sig. 'm' on line 61.


LaTeX3 Info: Defining command \AfterFile with sig. 'm' on line 65.


LaTeX3 Info: Defining command \BeforeClass with sig. 'm' on line 69.


LaTeX3 Info: Defining command \BeforePackage with sig. 'm' on line 73.


LaTeX3 Info: Defining command \AfterAtEndOfClass with sig. 'smo+m' on line 83.


LaTeX3 Info: Defining command \AfterAtEndOfPackage with sig. 'smo+m' on line
(LaTeX3)     93.


LaTeX3 Info: Defining command \scrlfile@AfterClass with sig. 'smo+m' on line
(LaTeX3)     173.


LaTeX3 Info: Defining command \AfterClass with sig. '' on line 174.


LaTeX3 Info: Defining command \scrlfile@AfterPackage with sig. 'smo+m' on line
(LaTeX3)     191.


LaTeX3 Info: Defining command \AfterPackage with sig. '' on line 192.


LaTeX3 Info: Defining command \ReplaceInput with sig. '' on line 193.


LaTeX3 Info: Defining command \ReplaceClass with sig. 'mm' on line 196.


LaTeX3 Info: Defining command \ReplacePackage with sig. 'mm' on line 199.


LaTeX3 Info: Defining command \UnReplaceInput with sig. '' on line 200.


LaTeX3 Info: Defining command \UnReplaceClass with sig. 'm' on line 203.


LaTeX3 Info: Defining command \UnReplacePackage with sig. 'mm' on line 206.


LaTeX3 Info: Defining command \PreventPackageFromLoading with sig. 's+om' on
(LaTeX3)     line 234.


LaTeX3 Info: Defining command \StorePreventPackageFromLoading with sig. 'm' on
(LaTeX3)     line 242.


LaTeX3 Info: Defining command \ResetPreventPackageFromLoading with sig. '' on
(LaTeX3)     line 247.


LaTeX3 Info: Defining command \UnPreventPackageFromLoading with sig. 'sm' on
(LaTeX3)     line 261.


LaTeX3 Info: Defining command \BeforeClosingMainAux with sig. 'om' on line
(LaTeX3)     274.


LaTeX3 Info: Defining command \AfterReadingMainAux with sig. 'om' on line 287.


LaTeX3 Info: Defining command \protected@immediate@write with sig. 'm+m+m' on
(LaTeX3)     line 298.


(c:/texlive/2020/texmf-dist/tex/latex/koma-script/scrlogo.sty
Package: scrlogo 2020/09/21 v3.32 KOMA-Script package (logo)
))))
\scr@dte@tocline@numberwidth=\skip50
\scr@dte@tocline@numbox=\box47
)
Package tocbasic Info: setting babel extension for `nlo' on input line 179.
Package tocbasic Info: setting babel extension for `nls' on input line 180.
\nomlabelwidth=\dimen146
\nom@tempdim=\dimen147
\nomitemsep=\skip51
)
(c:/texlive/2020/texmf-dist/tex/latex/caption/caption.sty
Package: caption 2020/10/26 v3.5g Customizing captions (AR)

(c:/texlive/2020/texmf-dist/tex/latex/caption/caption3.sty
Package: caption3 2020/10/21 v2.2e caption3 kernel (AR)
\captionmargin=\dimen148
\captionmargin@=\dimen149
\captionwidth=\dimen150
\caption@tempdima=\dimen151
\caption@indent=\dimen152
\caption@parindent=\dimen153
\caption@hangindent=\dimen154
Package caption Info: Standard document class detected.
)
\c@caption@flags=\count269
\c@continuedfloat=\count270
Package caption Info: hyperref package is loaded.
)
(c:/texlive/2020/texmf-dist/tex/latex/booktabs/booktabs.sty
Package: booktabs 2020/01/12 v1.61803398 Publication quality tables
\heavyrulewidth=\dimen155
\lightrulewidth=\dimen156
\cmidrulewidth=\dimen157
\belowrulesep=\dimen158
\belowbottomsep=\dimen159
\aboverulesep=\dimen160
\abovetopsep=\dimen161
\cmidrulesep=\dimen162
\cmidrulekern=\dimen163
\defaultaddspace=\dimen164
\@cmidla=\count271
\@cmidlb=\count272
\@aboverulesep=\dimen165
\@belowrulesep=\dimen166
\@thisruleclass=\count273
\@lastruleclass=\count274
\@thisrulewidth=\dimen167
)
(c:/texlive/2020/texmf-dist/tex/latex/tools/tabularx.sty
Package: tabularx 2020/01/15 v2.11c `tabularx' package (DPC)

(c:/texlive/2020/texmf-dist/tex/latex/tools/array.sty
Package: array 2020/10/01 v2.5c Tabular extension package (FMi)
\col@sep=\dimen168
\ar@mcellbox=\box48
\extrarowheight=\dimen169
\NC@list=\toks22
\extratabsurround=\skip52
\backup@length=\skip53
\ar@cellbox=\box49
)
\TX@col@width=\dimen170
\TX@old@table=\dimen171
\TX@old@col=\dimen172
\TX@target=\dimen173
\TX@delta=\dimen174
\TX@cols=\count275
\TX@ftn=\toks23
)
(c:/texlive/2020/texmf-dist/tex/latex/tabulary/tabulary.sty
Package: tabulary 2014/06/11 v0.10 tabulary package (DPC)
\TY@count=\count276
\TY@linewidth=\dimen175
\tymin=\dimen176
\tymax=\dimen177
\TY@tablewidth=\dimen178
)
(c:/texlive/2020/texmf-dist/tex/latex/multirow/multirow.sty
Package: multirow 2019/05/31 v2.5 Span multiple rows of a table
\multirow@colwidth=\skip54
\multirow@cntb=\count277
\multirow@dima=\skip55
\bigstrutjot=\dimen179
)
(c:/texlive/2020/texmf-dist/tex/latex/tools/longtable.sty
Package: longtable 2020/01/07 v4.13 Multi-page Table package (DPC)
\LTleft=\skip56
\LTright=\skip57
\LTpre=\skip58
\LTpost=\skip59
\LTchunksize=\count278
\LTcapwidth=\dimen180
\LT@head=\box50
\LT@firsthead=\box51
\LT@foot=\box52
\LT@lastfoot=\box53
\LT@cols=\count279
\LT@rows=\count280
\c@LT@tables=\count281
\c@LT@chunks=\count282
\LT@p@ftn=\toks24
)
(c:/texlive/2020/texmf-dist/tex/latex/tabu/tabu.sty
Package: tabu 2019/01/11 v2.9 - flexible LaTeX tabulars (FC+tabu-fixed)

(c:/texlive/2020/texmf-dist/tex/latex/varwidth/varwidth.sty
Package: varwidth 2009/03/30 ver 0.92;  Variable-width minipages
\@vwid@box=\box54
\sift@deathcycles=\count283
\@vwid@loff=\dimen181
\@vwid@roff=\dimen182
)
\c@taburow=\count284
\tabu@nbcols=\count285
\tabu@cnt=\count286
\tabu@Xcol=\count287
\tabu@alloc=\count288
\tabu@nested=\count289
\tabu@target=\dimen183
\tabu@spreadtarget=\dimen184
\tabu@naturalX=\dimen185
\tabucolX=\dimen186
\tabu@Xsum=\dimen187
\extrarowdepth=\dimen188
\abovetabulinesep=\dimen189
\belowtabulinesep=\dimen190
\tabustrutrule=\dimen191
\tabu@thebody=\toks25
\tabu@footnotes=\toks26
\tabu@box=\box55
\tabu@arstrutbox=\box56
\tabu@hleads=\box57
\tabu@vleads=\box58
\tabu@cellskip=\skip60
)
(c:/texlive/2020/texmf-dist/tex/latex/float/float.sty
Package: float 2001/11/08 v1.3d Float enhancements (AL)
\c@float@type=\count290
\float@exts=\toks27
\float@box=\box59
\@float@everytoks=\toks28
\@floatcapt=\box60
)
(c:/texlive/2020/texmf-dist/tex/latex/subfig/subfig.sty
Package: subfig 2005/06/28 ver: 1.3 subfig package
\c@KVtest=\count291
\sf@farskip=\skip61
\sf@captopadj=\dimen192
\sf@capskip=\skip62
\sf@nearskip=\skip63
\c@subfigure=\count292
\c@subfigure@save=\count293
\c@lofdepth=\count294
\c@subtable=\count295
\c@subtable@save=\count296
\c@lotdepth=\count297
\sf@top=\skip64
\sf@bottom=\skip65
)
(c:/texlive/2020/texmf-dist/tex/latex/listings/listings.sty
\lst@mode=\count298
\lst@gtempboxa=\box61
\lst@token=\toks29
\lst@length=\count299
\lst@currlwidth=\dimen193
\lst@column=\count300
\lst@pos=\count301
\lst@lostspace=\dimen194
\lst@width=\dimen195
\lst@newlines=\count302
\lst@lineno=\count303
\lst@maxwidth=\dimen196

(c:/texlive/2020/texmf-dist/tex/latex/listings/lstmisc.sty
File: lstmisc.sty 2020/03/24 1.8d (Carsten Heinz)
\c@lstnumber=\count304
\lst@skipnumbers=\count305
\lst@framebox=\box62
)
(c:/texlive/2020/texmf-dist/tex/latex/listings/listings.cfg
File: listings.cfg 2020/03/24 1.8d listings configuration
))
Package: listings 2020/03/24 1.8d (Carsten Heinz)

(c:/texlive/2020/texmf-dist/tex/latex/listings/lstlang1.sty
File: lstlang1.sty 2020/03/24 1.8d listings language file
)
(c:/texlive/2020/texmf-dist/tex/latex/was/upgreek.sty
Package: upgreek 2003/02/12 v2.0 (WaS)
Package upgreek Info: Using Euler Roman for upright Greek on input line 31.
\symugrf@m=\mathgroup4
LaTeX Font Info:    Overwriting symbol font `ugrf@m' in version `bold'
(Font)                  U/eur/m/n --> U/eur/b/n on input line 38.
)
\chapheadtopskip=\skip66

(c:/texlive/2020/texmf-dist/tex/latex/l3backend/l3backend-pdftex.def
File: l3backend-pdftex.def 2020-09-24 L3 backend support: PDF output (pdfTeX)
\l__kernel_color_stack_int=\count306
\l__pdf_internal_box=\box63
)
(./tesi.aux (./Pagina_Iniziale.aux) (./Introduzione.aux) (./Capitolo_1.aux

LaTeX Warning: Label `fig:arch1' multiply defined.

) (./Capitolo_2.aux) (./Capitolo_3.aux) (./Conclusione.aux))
\openout1 = `tesi.aux'.

LaTeX Font Info:    Checking defaults for OML/cmm/m/it on input line 90.
LaTeX Font Info:    ... okay on input line 90.
LaTeX Font Info:    Checking defaults for OMS/cmsy/m/n on input line 90.
LaTeX Font Info:    ... okay on input line 90.
LaTeX Font Info:    Checking defaults for OT1/cmr/m/n on input line 90.
LaTeX Font Info:    ... okay on input line 90.
LaTeX Font Info:    Checking defaults for T1/cmr/m/n on input line 90.
LaTeX Font Info:    ... okay on input line 90.
LaTeX Font Info:    Checking defaults for TS1/cmr/m/n on input line 90.
LaTeX Font Info:    ... okay on input line 90.
LaTeX Font Info:    Checking defaults for OMX/cmex/m/n on input line 90.
LaTeX Font Info:    ... okay on input line 90.
LaTeX Font Info:    Checking defaults for U/cmr/m/n on input line 90.
LaTeX Font Info:    ... okay on input line 90.
LaTeX Font Info:    Checking defaults for PD1/pdf/m/n on input line 90.
LaTeX Font Info:    ... okay on input line 90.
LaTeX Info: Redefining \it@ocap on input line 90.
LaTeX Info: Redefining \it@ccap on input line 90.

(c:/texlive/2020/texmf-dist/tex/context/base/mkii/supp-pdf.mkii
[Loading MPS to PDF converter (version 2006.09.02).]
\scratchcounter=\count307
\scratchdimen=\dimen197
\scratchbox=\box64
\nofMPsegments=\count308
\nofMParguments=\count309
\everyMPshowfont=\toks30
\MPscratchCnt=\count310
\MPscratchDim=\dimen198
\MPnumerator=\count311
\makeMPintoPDFobject=\count312
\everyMPtoPDFconversion=\toks31
) (c:/texlive/2020/texmf-dist/tex/latex/epstopdf-pkg/epstopdf-base.sty
Package: epstopdf-base 2020-01-24 v2.11 Base part for package epstopdf
Package epstopdf-base Info: Redefining graphics rule for `.eps' on input line 4
85.

(c:/texlive/2020/texmf-dist/tex/latex/latexconfig/epstopdf-sys.cfg
File: epstopdf-sys.cfg 2010/07/13 v1.3 Configuration of (r)epstopdf for TeX Liv
e
))
Package hyperref Info: Link coloring OFF on input line 90.

(c:/texlive/2020/texmf-dist/tex/latex/hyperref/nameref.sty
Package: nameref 2019/09/16 v2.46 Cross-referencing by name of section

(c:/texlive/2020/texmf-dist/tex/latex/refcount/refcount.sty
Package: refcount 2019/12/15 v3.6 Data extraction from label references (HO)
)
(c:/texlive/2020/texmf-dist/tex/generic/gettitlestring/gettitlestring.sty
Package: gettitlestring 2019/12/15 v1.6 Cleanup title references (HO)
)
\c@section@level=\count313
)
LaTeX Info: Redefining \ref on input line 90.
LaTeX Info: Redefining \pageref on input line 90.
LaTeX Info: Redefining \nameref on input line 90.

(./tesi.out) (./tesi.out)
\@outlinefile=\write3
\openout3 = `tesi.out'.

Package caption Info: Begin \AtBeginDocument code.
Package caption Info: subfig package v1.3 is loaded.
Package caption Info: float package is loaded.
Package caption Info: listings package is loaded.
Package caption Info: longtable package is loaded.

(c:/texlive/2020/texmf-dist/tex/latex/caption/ltcaption.sty
Package: ltcaption 2020/05/30 v1.4b longtable captions (AR)
)
Package caption Info: End \AtBeginDocument code.
\c@lstlisting=\count314
Package hyperref Info: Option `pageanchor' set `false' on input line 94.
\openout2 = `Pagina_Iniziale.aux'.


(./Pagina_Iniziale.tex
LaTeX Font Info:    External font `cmex10' loaded for size
(Font)              <12> on input line 2.
LaTeX Font Info:    External font `cmex10' loaded for size
(Font)              <8> on input line 2.
LaTeX Font Info:    External font `cmex10' loaded for size
(Font)              <6> on input line 2.

Overfull \hbox (4.07025pt too wide) in paragraph at lines 30--38
[][]   
 []

[1



{c:/texlive/2020/texmf-var/fonts/map/pdftex/updmap/pdftex.map}]) [2


]
Package hyperref Info: Option `pageanchor' set `true' on input line 106.

(./tesi.toc [1

])
\tf@toc=\write4
\openout4 = `tesi.toc'.

 [2] (./tesi.lof [3


])
\tf@lof=\write5
\openout5 = `tesi.lof'.

 [4]
\openout2 = `Introduzione.aux'.

 (./Introduzione.tex)
Underfull \hbox (badness 10000) in paragraph at lines 6--129

 []


Underfull \hbox (badness 10000) in paragraph at lines 6--129

 []


Underfull \vbox (badness 2707) has occurred while \output is active []

 [1



]
[2]
\openout2 = `Capitolo_1.aux'.

 (./Capitolo_1.tex
Capitolo 1.

Underfull \hbox (badness 10000) in paragraph at lines 4--10

 []


Underfull \vbox (badness 5924) has occurred while \output is active []

 [3




]

LaTeX Warning: Citation `6461195' on page 4 undefined on input line 18.

<../immagini/552578-sdn-graphic-blue-910.png, id=243, 913.4125pt x 1054.94125pt
>
File: ../immagini/552578-sdn-graphic-blue-910.png Graphic file (type png)
<use ../immagini/552578-sdn-graphic-blue-910.png>
Package pdftex.def Info: ../immagini/552578-sdn-graphic-blue-910.png  used on i
nput line 23.
(pdftex.def)             Requested size: 239.00557pt x 276.03284pt.

LaTeX Warning: Citation `telecom_nfv' on page 4 undefined on input line 30.

<../immagini/nfv.png, id=244, 647.41875pt x 484.05844pt>
File: ../immagini/nfv.png Graphic file (type png)
<use ../immagini/nfv.png>
Package pdftex.def Info: ../immagini/nfv.png  used on input line 33.
(pdftex.def)             Requested size: 318.67207pt x 238.26169pt.
[4 <../immagini/552578-sdn-graphic-blue-910.png (PNG copy)>]
Underfull \vbox (badness 1609) has occurred while \output is active []

 [5 <../immagini/nfv.PNG>]

LaTeX Warning: Citation `NSintro' on page 6 undefined on input line 55.

<../immagini/510px-Generic_5G_network_slicing_framework.svg.png, id=257, 511.91
25pt x 368.37625pt>
File: ../immagini/510px-Generic_5G_network_slicing_framework.svg.png Graphic fi
le (type png)
<use ../immagini/510px-Generic_5G_network_slicing_framework.svg.png>
Package pdftex.def Info: ../immagini/510px-Generic_5G_network_slicing_framework
.svg.png  used on input line 58.
(pdftex.def)             Requested size: 358.50227pt x 257.97964pt.
<../immagini/nslc.png, id=258, 678.28406pt x 397.485pt>
File: ../immagini/nslc.png Graphic file (type png)
<use ../immagini/nslc.png>
Package pdftex.def Info: ../immagini/nslc.png  used on input line 65.
(pdftex.def)             Requested size: 398.33858pt x 233.42845pt.

Underfull \hbox (badness 10000) in paragraph at lines 54--72

 []


Underfull \hbox (badness 10000) in paragraph at lines 54--72

 []


Underfull \hbox (badness 10000) in paragraph at lines 54--72

 []

[6] [7 <../immagini/510px-Generic_5G_network_slicing_framework.svg.png> <../imm
agini/nslc.PNG>]
Underfull \hbox (badness 10000) in paragraph at lines 78--81

 []

<../immagini/arch1.png, id=271, 611.28375pt x 345.54094pt>
File: ../immagini/arch1.png Graphic file (type png)
<use ../immagini/arch1.png>
Package pdftex.def Info: ../immagini/arch1.png  used on input line 84.
(pdftex.def)             Requested size: 358.50227pt x 202.64943pt.
<../immagini/arch2.png, id=272, 624.08156pt x 345.54094pt>
File: ../immagini/arch2.png Graphic file (type png)
<use ../immagini/arch2.png>
Package pdftex.def Info: ../immagini/arch2.png  used on input line 90.
(pdftex.def)             Requested size: 358.50227pt x 198.49995pt.

LaTeX Warning: Citation `NS5g' on page 8 undefined on input line 97.


Underfull \hbox (badness 10000) in paragraph at lines 96--101

 []


Underfull \hbox (badness 10000) in paragraph at lines 96--101

 []

[8] [9 <../immagini/arch1.PNG> <../immagini/arch2.PNG>] [10]
<../immagini/vehicle-to-everything-slide12.png, id=287, 722.7pt x 542.025pt>
File: ../immagini/vehicle-to-everything-slide12.png Graphic file (type png)
<use ../immagini/vehicle-to-everything-slide12.png>
Package pdftex.def Info: ../immagini/vehicle-to-everything-slide12.png  used on
 input line 119.
(pdftex.def)             Requested size: 298.75392pt x 224.06776pt.
<../immagini/0_7i2ht2hZquYBwybh.jpg, id=288, 1806.75pt x 1747.52875pt>
File: ../immagini/0_7i2ht2hZquYBwybh.jpg Graphic file (type jpg)
<use ../immagini/0_7i2ht2hZquYBwybh.jpg>
Package pdftex.def Info: ../immagini/0_7i2ht2hZquYBwybh.jpg  used on input line
 125.
(pdftex.def)             Requested size: 298.75392pt x 288.9431pt.

Underfull \hbox (badness 10000) in paragraph at lines 113--129

 []

[11] [12 <../immagini/vehicle-to-everything-slide12.png> <../immagini/0_7i2ht2h
ZquYBwybh.jpg>]

LaTeX Warning: Citation `5g5' on page 13 undefined on input line 136.


Underfull \hbox (badness 10000) in paragraph at lines 135--137

 []

)
Underfull \hbox (badness 10000) in paragraph at lines 138--130

 []

[13]
\openout2 = `Capitolo_2.aux'.

 (./Capitolo_2.tex [14




]
Capitolo 2.

Underfull \hbox (badness 10000) in paragraph at lines 4--6

 []


LaTeX Warning: Citation `mn2' on page 15 undefined on input line 12.

<../immagini/mn.png, id=307, 414.04688pt x 131.74219pt>
File: ../immagini/mn.png Graphic file (type png)
<use ../immagini/mn.png>
Package pdftex.def Info: ../immagini/mn.png  used on input line 21.
(pdftex.def)             Requested size: 398.33858pt x 126.74846pt.

Underfull \hbox (badness 10000) in paragraph at lines 16--25

 []

[15] [16 <../immagini/mn.PNG>]
<../immagini/mn/4b.png, id=317, 359.09157pt x 511.9125pt>
File: ../immagini/mn/4b.png Graphic file (type png)
<use ../immagini/mn/4b.png>
Package pdftex.def Info: ../immagini/mn/4b.png  used on input line 47.
(pdftex.def)             Requested size: 386.3889pt x 550.86543pt.


LaTeX Warning: `!h' float specifier changed to `!ht'.

[17]

LaTeX Warning: Text page 18 contains only floats.


Overfull \vbox (0.60487pt too high) has occurred while \output is active []


[18 <../immagini/mn/4b.PNG>]
Underfull \hbox (badness 10000) in paragraph at lines 62--64

 []


Underfull \hbox (badness 10000) in paragraph at lines 62--64

 []

LaTeX Font Info:    Trying to load font information for T1+cmtt on input line 6
4.
(c:/texlive/2020/texmf-dist/tex/latex/base/t1cmtt.fd
File: t1cmtt.fd 2019/12/16 v2.5j Standard LaTeX font definitions
) [19]
Underfull \hbox (badness 10000) in paragraph at lines 105--107

 []


LaTeX Warning: Citation `mn3' on page 20 undefined on input line 112.

<../immagini/of.png, id=353, 466.74374pt x 391.4625pt>
File: ../immagini/of.png Graphic file (type png)
<use ../immagini/of.png>
Package pdftex.def Info: ../immagini/of.png  used on input line 121.
(pdftex.def)             Requested size: 338.59021pt x 283.9912pt.

LaTeX Warning: Citation `of' on page 20 undefined on input line 126.


Underfull \hbox (badness 10000) in paragraph at lines 115--130

 []


Underfull \hbox (badness 10000) in paragraph at lines 115--130

 []

[20] [21 <../immagini/of.png>]

LaTeX Warning: Citation `ovs' on page 22 undefined on input line 140.

[22]
<../immagini/mn/ping.png, id=375, 289.83281pt x 111.41624pt>
File: ../immagini/mn/ping.png Graphic file (type png)
<use ../immagini/mn/ping.png>
Package pdftex.def Info: ../immagini/mn/ping.png  used on input line 154.
(pdftex.def)             Requested size: 338.59021pt x 130.16777pt.
 [23 <../immagini/mn/ping.PNG>]
<../immagini/mn/nmap.png, id=381, 289.08pt x 109.91063pt>
File: ../immagini/mn/nmap.png Graphic file (type png)
<use ../immagini/mn/nmap.png>
Package pdftex.def Info: ../immagini/mn/nmap.png  used on input line 168.
(pdftex.def)             Requested size: 338.59021pt x 128.7408pt.
 [24 <../immagini/mn/nmap.PNG>]
<../immagini/mn/iperf.png, id=388, 368.1253pt x 173.14688pt>
File: ../immagini/mn/iperf.png Graphic file (type png)
<use ../immagini/mn/iperf.png>
Package pdftex.def Info: ../immagini/mn/iperf.png  used on input line 189.
(pdftex.def)             Requested size: 338.59021pt x 159.26799pt.


LaTeX Warning: Citation `ws' on page 25 undefined on input line 200.

<../immagini/mn/wireshark1.png, id=389, 603.0028pt x 430.60875pt>
File: ../immagini/mn/wireshark1.png Graphic file (type png)
<use ../immagini/mn/wireshark1.png>
Package pdftex.def Info: ../immagini/mn/wireshark1.png  used on input line 203.

(pdftex.def)             Requested size: 358.50227pt x 256.0084pt.
<../immagini/mn/wireshark.png, id=390, 603.0028pt x 432.11438pt>
File: ../immagini/mn/wireshark.png Graphic file (type png)
<use ../immagini/mn/wireshark.png>
Package pdftex.def Info: ../immagini/mn/wireshark.png  used on input line 209.
(pdftex.def)             Requested size: 358.50227pt x 256.90353pt.

LaTeX Warning: `!h' float specifier changed to `!ht'.


LaTeX Warning: `!h' float specifier changed to `!ht'.

) [25 <../immagini/mn/iperf.PNG>]

LaTeX Warning: Text page 26 contains only floats.


Underfull \vbox (badness 2277) has occurred while \output is active []

 [26 <../immagini/mn/wireshark1.PNG> <../immagini/mn/wireshark.PNG>] [27]
\openout2 = `Capitolo_3.aux'.

 (./Capitolo_3.tex [28




]
Capitolo 3.

Underfull \hbox (badness 10000) in paragraph at lines 4--7

 []


Underfull \hbox (badness 10000) in paragraph at lines 8--10

 []


Underfull \hbox (badness 10000) in paragraph at lines 8--10

 []

[29]
Underfull \hbox (badness 10000) in paragraph at lines 11--13

 []


Underfull \hbox (badness 10000) in paragraph at lines 13--15

 []


Underfull \hbox (badness 10000) in paragraph at lines 16--17

 []

<../immagini/esempio/topo.png, id=415, 1053.9375pt x 668.4975pt>
File: ../immagini/esempio/topo.png Graphic file (type png)
<use ../immagini/esempio/topo.png>
Package pdftex.def Info: ../immagini/esempio/topo.png  used on input line 22.
(pdftex.def)             Requested size: 398.33858pt x 252.66483pt.

Underfull \hbox (badness 10000) in paragraph at lines 18--25

 []


Underfull \hbox (badness 10000) in paragraph at lines 18--25

 []

[30]
Underfull \hbox (badness 10000) in paragraph at lines 26--27

 []

[31 <../immagini/esempio/topo.PNG>]
Underfull \hbox (badness 10000) in paragraph at lines 64--69

 []


Underfull \vbox (badness 10000) has occurred while \output is active []

 [32]
Underfull \hbox (badness 10000) in paragraph at lines 74--76

 []


Underfull \hbox (badness 10000) in paragraph at lines 80--81

 []


Underfull \hbox (badness 10000) in paragraph at lines 84--88

 []


Underfull \hbox (badness 10000) in paragraph at lines 84--88

 []


Underfull \hbox (badness 10000) in paragraph at lines 91--92

 []


Underfull \hbox (badness 10000) in paragraph at lines 93--94

 []

[33]
Underfull \hbox (badness 10000) in paragraph at lines 94--95

 []


Underfull \hbox (badness 10000) in paragraph at lines 95--96

 []


Underfull \hbox (badness 10000) in paragraph at lines 96--97

 []

(c:/texlive/2020/texmf-dist/tex/latex/listings/lstlang1.sty
File: lstlang1.sty 2020/03/24 1.8d listings language file
)
(c:/texlive/2020/texmf-dist/tex/latex/listings/lstlang1.sty
File: lstlang1.sty 2020/03/24 1.8d listings language file
) [34]
Underfull \vbox (badness 10000) has occurred while \output is active []

 [35]
<../immagini/esempio/stp_off.png, id=530, 251.43938pt x 61.73062pt>
File: ../immagini/esempio/stp_off.png Graphic file (type png)
<use ../immagini/esempio/stp_off.png>
Package pdftex.def Info: ../immagini/esempio/stp_off.png  used on input line 16
8.
(pdftex.def)             Requested size: 358.50227pt x 88.01506pt.

Underfull \hbox (badness 10000) in paragraph at lines 159--171

 []


Underfull \hbox (badness 10000) in paragraph at lines 159--171

 []


Underfull \hbox (badness 10000) in paragraph at lines 172--173

 []

[36 <../immagini/esempio/stp_off.PNG>]
<../immagini/esempio/stp_on.png, id=537, 242.40562pt x 61.73062pt>
File: ../immagini/esempio/stp_on.png Graphic file (type png)
<use ../immagini/esempio/stp_on.png>
Package pdftex.def Info: ../immagini/esempio/stp_on.png  used on input line 185
.
(pdftex.def)             Requested size: 358.50227pt x 91.30617pt.

Underfull \hbox (badness 10000) in paragraph at lines 179--188

 []


Underfull \hbox (badness 10000) in paragraph at lines 179--188

 []

<../immagini/esempio/ping_stp.png, id=538, 359.09157pt x 216.05719pt>
File: ../immagini/esempio/ping_stp.png Graphic file (type png)
<use ../immagini/esempio/ping_stp.png>
Package pdftex.def Info: ../immagini/esempio/ping_stp.png  used on input line 1
95.
(pdftex.def)             Requested size: 358.50227pt x 215.71707pt.
<../immagini/esempio/ping_ftp.png, id=539, 357.58594pt x 213.79875pt>
File: ../immagini/esempio/ping_ftp.png Graphic file (type png)
<use ../immagini/esempio/ping_ftp.png>
Package pdftex.def Info: ../immagini/esempio/ping_ftp.png  used on input line 2
01.
(pdftex.def)             Requested size: 358.50227pt x 214.35933pt.
[37 <../immagini/esempio/stp_on.PNG>]
<../immagini/esempio/ping_5000.png, id=552, 356.83313pt x 212.29312pt>
File: ../immagini/esempio/ping_5000.png Graphic file (type png)
<use ../immagini/esempio/ping_5000.png>
Package pdftex.def Info: ../immagini/esempio/ping_5000.png  used on input line 
207.
(pdftex.def)             Requested size: 358.50227pt x 213.29678pt.
<../immagini/esempio/ping_medio.png, id=553, 164.0529pt x 96.8418pt>
File: ../immagini/esempio/ping_medio.png Graphic file (type png)
<use ../immagini/esempio/ping_medio.png>
Package pdftex.def Info: ../immagini/esempio/ping_medio.png  used on input line
 213.
(pdftex.def)             Requested size: 358.50227pt x 211.65318pt.

Underfull \vbox (badness 2237) has occurred while \output is active []

 [38 <../immagini/esempio/ping_stp.PNG> <../immagini/esempio/ping_ftp.PNG>]
Underfull \hbox (badness 10000) in paragraph at lines 217--218

 []

<../immagini/esempio/bw_stp.png, id=560, 358.33875pt x 213.04594pt>
File: ../immagini/esempio/bw_stp.png Graphic file (type png)
<use ../immagini/esempio/bw_stp.png>
Package pdftex.def Info: ../immagini/esempio/bw_stp.png  used on input line 221
.
(pdftex.def)             Requested size: 398.33858pt x 236.84137pt.
<../immagini/esempio/bw_ftp.png, id=561, 358.33875pt x 214.55156pt>
File: ../immagini/esempio/bw_ftp.png Graphic file (type png)
<use ../immagini/esempio/bw_ftp.png>
Package pdftex.def Info: ../immagini/esempio/bw_ftp.png  used on input line 227
.
(pdftex.def)             Requested size: 398.33858pt x 238.51515pt.
[39 <../immagini/esempio/ping_5000.PNG> <../immagini/esempio/ping_medio.png>]
<../immagini/esempio/bw_5000.png, id=568, 359.84438pt x 216.81pt>
File: ../immagini/esempio/bw_5000.png Graphic file (type png)
<use ../immagini/esempio/bw_5000.png>
Package pdftex.def Info: ../immagini/esempio/bw_5000.png  used on input line 23
3.
(pdftex.def)             Requested size: 398.33858pt x 240.02345pt.
<../immagini/esempio/bw_media.png, id=569, 162.3666pt x 99.9735pt>
File: ../immagini/esempio/bw_media.png Graphic file (type png)
<use ../immagini/esempio/bw_media.png>
Package pdftex.def Info: ../immagini/esempio/bw_media.png  used on input line 2
39.
(pdftex.def)             Requested size: 398.33858pt x 245.30023pt.

[40 <../immagini/esempio/bw_stp.PNG> <../immagini/esempio/bw_ftp.PNG>])
Underfull \vbox (badness 10000) has occurred while \output is active []

 [41 <../immagini/esempio/bw_5000.PNG> <../immagini/esempio/bw_media.png>] [42]
\openout2 = `Conclusione.aux'.


(./Conclusione.tex)
Underfull \hbox (badness 10000) in paragraph at lines 6--133

 []

[43




] (./tesi.bbl [44



]) [45]

LaTeX3 Info: Redefining command \BeforeClosingMainAux with sig. 'm' on line
(LaTeX3)     147.

 (./tesi.aux (./Pagina_Iniziale.aux)
(./Introduzione.aux) (./Capitolo_1.aux) (./Capitolo_2.aux) (./Capitolo_3.aux)
(./Conclusione.aux))
Package rerunfilecheck Info: File `tesi.out' has not changed.
(rerunfilecheck)             Checksum: F1CFD9E5F3CC9FB39F51C0998828C53E;1554.


LaTeX Warning: There were undefined references.


LaTeX Warning: There were multiply-defined labels.

 ) 
Here is how much of TeX's memory you used:
 12731 strings out of 479383
 196755 string characters out of 5873325
 814217 words of memory out of 5000000
 29297 multiletter control sequences out of 15000+600000
 419271 words of font info for 57 fonts, out of 8000000 for 9000
 1141 hyphenation exceptions out of 8191
 108i,7n,115p,726b,2088s stack positions out of 5000i,500n,10000p,200000b,80000s
{c:/texlive/2020/texmf-dist/fonts/enc/dvips/cm-super/cm-super-t1.enc}{c:/texl
ive/2020/texmf-dist/fonts/enc/dvips/cm-super/cm-super-ts1.enc}<c:/texlive/2020/
texmf-dist/fonts/type1/public/cm-super/sfbi1200.pfb><c:/texlive/2020/texmf-dist
/fonts/type1/public/cm-super/sfbx1200.pfb><c:/texlive/2020/texmf-dist/fonts/typ
e1/public/cm-super/sfbx1440.pfb><c:/texlive/2020/texmf-dist/fonts/type1/public/
cm-super/sfbx1728.pfb><c:/texlive/2020/texmf-dist/fonts/type1/public/cm-super/s
fbx2488.pfb><c:/texlive/2020/texmf-dist/fonts/type1/public/cm-super/sfcc1200.pf
b><c:/texlive/2020/texmf-dist/fonts/type1/public/cm-super/sfcc1440.pfb><c:/texl
ive/2020/texmf-dist/fonts/type1/public/cm-super/sfrm0600.pfb><c:/texlive/2020/t
exmf-dist/fonts/type1/public/cm-super/sfrm1200.pfb><c:/texlive/2020/texmf-dist/
fonts/type1/public/cm-super/sfsl1200.pfb><c:/texlive/2020/texmf-dist/fonts/type
1/public/cm-super/sfti1200.pfb><c:/texlive/2020/texmf-dist/fonts/type1/public/c
m-super/sftt1095.pfb>
Output written on tesi.pdf (51 pages, 1749943 bytes).
PDF statistics:
 698 PDF objects out of 1000 (max. 8388607)
 576 compressed objects within 6 object streams
 232 named destinations out of 1000 (max. 500000)
 336 words of extra memory for PDF output out of 10000 (max. 10000000)

